{"level":"info","message":"Received request for keyword: web design","timestamp":"2024-09-22T13:17:55.197Z"}
{"level":"info","message":"Received request for keyword: SEO Services","timestamp":"2024-09-22T13:19:57.642Z"}
{"level":"info","message":"Received request for keyword: web design","timestamp":"2024-09-22T13:23:36.447Z"}
{"level":"info","message":"Received request for keyword: web design","timestamp":"2024-09-22T13:27:54.283Z"}
{"level":"info","message":"Received request for keyword: SEO Services","timestamp":"2024-09-22T14:29:08.508Z"}
{"level":"info","message":"Received request for keyword: web design","timestamp":"2024-09-22T14:29:17.480Z"}
{"level":"info","message":"Received request for keyword: web design","timestamp":"2024-09-22T14:33:45.473Z"}
{"level":"info","message":"Received request for keyword: SEO Services","timestamp":"2024-09-22T14:38:47.864Z"}
{"level":"info","message":"Received request for keyword: SEO Services","timestamp":"2024-09-22T14:47:40.481Z"}
{"level":"info","message":"Received request for keyword: web design","timestamp":"2024-09-22T14:51:08.599Z"}
{"level":"info","message":"Received request for keyword: SEO Services","timestamp":"2024-09-22T14:58:29.304Z"}
{"level":"info","message":"Server running at http://localhost:3000","timestamp":"2024-09-22T15:10:25.820Z"}
{"level":"info","message":"Received request for keyword: SEO Services","timestamp":"2024-09-22T15:10:36.091Z"}
{"email":"tsankalp64@gmail.com","level":"info","message":"Received form submission:","name":"Sankalp tiwari","phone":"9601135166","service":"SEO Services","timestamp":"2024-09-22T15:10:46.392Z"}
{"level":"info","message":"Received request for keyword: web design","timestamp":"2024-09-22T15:22:25.187Z"}
{"email":"","level":"info","message":"Received form submission:","name":"","phone":"","service":"web design","timestamp":"2024-09-22T15:22:34.152Z"}
{"level":"info","message":"Received request for keyword: web design","timestamp":"2024-09-22T15:35:54.643Z"}
{"level":"info","message":"Received request for keyword: web design","timestamp":"2024-09-22T15:37:06.056Z"}
{"email":"tsankalp64@gmail.com","level":"info","message":"Received form submission:","name":"Sankalp tiwari","phone":"9601135166","service":"","timestamp":"2024-09-22T15:37:31.210Z"}
{"level":"info","message":"Received request for keyword: SEO Services","timestamp":"2024-09-22T15:39:19.617Z"}
{"level":"info","message":"Received request for keyword: SEO Services","timestamp":"2024-09-22T15:44:03.709Z"}
{"level":"info","message":"Received request for keyword: web design","timestamp":"2024-09-22T15:44:09.359Z"}
{"level":"info","message":"Received request for keyword: web design","timestamp":"2024-09-22T15:46:50.285Z"}
{"level":"info","message":"Received request for keyword: SEO","timestamp":"2024-09-22T15:46:56.067Z"}
{"level":"info","message":"Received request for keyword: web design","timestamp":"2024-09-22T15:52:42.233Z"}
{"level":"info","message":"Received request for keyword: web design","timestamp":"2024-09-22T15:53:16.100Z"}
{"email":"","level":"info","message":"Received form submission:","name":"          ","phone":"","service":"","timestamp":"2024-09-22T17:33:41.292Z"}
{"level":"info","message":"Received request for keyword: web design","timestamp":"2024-09-22T17:37:37.207Z"}
{"level":"info","message":"Received request for keyword: web design","timestamp":"2024-09-22T17:40:53.867Z"}
{"level":"info","message":"Received request for keyword: SEO Services","timestamp":"2024-09-22T17:40:59.883Z"}
{"level":"info","message":"Received request for keyword: SEO Services","timestamp":"2024-09-22T17:45:35.627Z"}
{"email":"divanshi.pati@learner.manipal.edu","level":"info","message":"Received form submission:","name":"Sankalp tiwari","phone":"","service":"","timestamp":"2024-09-22T17:45:44.517Z"}
{"level":"info","message":"Received request for keyword: SEO Services","timestamp":"2024-09-22T17:49:14.218Z"}
{"email":"sankalp.tiwari@learner.manipal.edu","level":"info","message":"Received form submission:","name":"Sankalp tiwari","phone":"","service":"SEO Services","timestamp":"2024-09-22T17:49:22.283Z"}
{"level":"info","message":"Received request for keyword: SEO Services","timestamp":"2024-09-22T19:02:01.551Z"}
{"level":"info","message":"Received request for keyword: SEO Services","timestamp":"2024-09-22T19:02:16.256Z"}
{"level":"info","message":"Received request for keyword: web design","timestamp":"2024-09-22T19:02:37.953Z"}
{"email":"sankalp.tiwari@learner.manipal.edu","level":"info","message":"Received form submission:","name":"Sankalp tiwari","phone":"","service":"web design","timestamp":"2024-09-22T19:02:50.743Z"}
{"level":"info","message":"Received request for keyword: SEO Services","timestamp":"2024-09-22T19:04:24.461Z"}
{"level":"info","message":"Received request for keyword: web design","timestamp":"2024-09-22T19:26:26.859Z"}
{"level":"info","message":"Received request for keyword: web design","timestamp":"2024-09-22T19:27:48.482Z"}
{"email":"tsankalp64@gmail.com","level":"info","message":"Received form submission:","name":"Sankalp tiwari","phone":"9601135166","service":"web design","timestamp":"2024-09-22T19:27:56.749Z"}
{"level":"info","message":"Received request for keyword: web design","timestamp":"2024-09-22T19:30:14.781Z"}
{"level":"info","message":"Received request for keyword: web design","timestamp":"2024-09-22T19:30:25.881Z"}
{"level":"info","message":"Received request for keyword: SEO Services","timestamp":"2024-09-22T19:35:12.038Z"}
{"level":"info","message":"Server running at http://localhost:3000","timestamp":"2024-09-22T20:41:52.511Z"}
{"level":"info","message":"Server running at http://localhost:3000","timestamp":"2024-09-22T20:44:19.657Z"}
{"email":"","level":"info","message":"Received form submission:","name":"","phone":"","service":"SEO Services","timestamp":"2024-09-22T20:45:12.997Z"}
{"email":"","level":"info","message":"Received form submission:","name":"","phone":"","service":"SEO Services","timestamp":"2024-09-22T20:45:37.437Z"}
{"email":"","level":"info","message":"Received form submission:","name":"","phone":"","service":"trail","timestamp":"2024-09-22T20:45:49.794Z"}
{"level":"info","message":"Server running at http://localhost:3000","timestamp":"2024-09-22T20:48:20.291Z"}
{"email":"","level":"info","message":"Received form submission:","name":"","phone":"","service":"cricket ","timestamp":"2024-09-22T20:49:38.986Z"}
{"email":"divanshi.pati@learner.manipal.edu","level":"info","message":"Received form submission:","name":"Sankalp tiwari","phone":"9601135166","service":"web design","timestamp":"2024-09-22T20:50:09.271Z"}
